<?xml version="1.0" encoding="UTF-8"?>
<testsuite xmlns:xsi="http://www.w3.org/2001/XMLSchema-instance" xsi:noNamespaceSchemaLocation="https://maven.apache.org/surefire/maven-surefire-plugin/xsd/surefire-test-report-3.0.xsd" version="3.0" name="com.example.cinemaManagement.CinemaManagementApplicationTests" time="42.004" tests="1" errors="0" skipped="0" failures="0">
  <properties>
[...]
</properties>
  <testcase name="contextLoads" classname="com.example.cinemaManagement.CinemaManagementApplicationTests" time="4.439">
    <system-out><![CDATA[11:10:48.692 [main] INFO org.springframework.boot.devtools.restart.RestartApplicationListener -- Restart disabled due to context in which it is running

  .   ____          _            __ _ _
 /\\ / ___'_ __ _ _(_)_ __  __ _ \ \ \ \
( ( )\___ | '_ | '_| | '_ \/ _` | \ \ \ \
 \\/  ___)| |_)| | | | | || (_| |  ) ) ) )
  '  |____| .__|_| |_|_| |_\__, | / / / /
 =========|_|==============|___/=/_/_/_/
 :: Spring Boot ::                (v3.2.3)

2024-06-02T11:10:49.443+01:00  INFO 3536 --- [projetcinema] [           main] c.e.c.CinemaManagementApplicationTests   : Starting CinemaManagementApplicationTests using Java 17.0.10 with PID 3536 (started by DELL in C:\Users\DELL\Documents\workspace-spring\projetcinema)
2024-06-02T11:10:49.445+01:00  INFO 3536 --- [projetcinema] [           main] c.e.c.CinemaManagementApplicationTests   : No active profile set, falling back to 1 default profile: "default"
2024-06-02T11:10:52.628+01:00  INFO 3536 --- [projetcinema] [           main] .s.d.r.c.RepositoryConfigurationDelegate : Bootstrapping Spring Data JPA repositories in DEFAULT mode.
2024-06-02T11:10:52.996+01:00  INFO 3536 --- [projetcinema] [           main] .s.d.r.c.RepositoryConfigurationDelegate : Finished Spring Data repository scanning in 347 ms. Found 16 JPA repository interfaces.
2024-06-02T11:10:54.975+01:00  INFO 3536 --- [projetcinema] [           main] o.hibernate.jpa.internal.util.LogHelper  : HHH000204: Processing PersistenceUnitInfo [name: default]
2024-06-02T11:10:55.614+01:00  INFO 3536 --- [projetcinema] [           main] org.hibernate.Version                    : HHH000412: Hibernate ORM core version 6.4.4.Final
2024-06-02T11:10:55.816+01:00  INFO 3536 --- [projetcinema] [           main] o.h.c.internal.RegionFactoryInitiator    : HHH000026: Second-level cache disabled
2024-06-02T11:10:57.742+01:00  INFO 3536 --- [projetcinema] [           main] o.s.o.j.p.SpringPersistenceUnitInfo      : No LoadTimeWeaver setup: ignoring JPA class transformer
2024-06-02T11:10:57.854+01:00  INFO 3536 --- [projetcinema] [           main] com.zaxxer.hikari.HikariDataSource       : HikariPool-1 - Starting...
2024-06-02T11:10:59.747+01:00  INFO 3536 --- [projetcinema] [           main] com.zaxxer.hikari.pool.HikariPool        : HikariPool-1 - Added connection com.mysql.cj.jdbc.ConnectionImpl@48e74764
2024-06-02T11:10:59.755+01:00  INFO 3536 --- [projetcinema] [           main] com.zaxxer.hikari.HikariDataSource       : HikariPool-1 - Start completed.
2024-06-02T11:10:59.918+01:00  WARN 3536 --- [projetcinema] [           main] org.hibernate.dialect.Dialect            : HHH000511: The 5.5.0 version for [org.hibernate.dialect.MariaDBDialect] is no longer supported, hence certain features may not work properly. The minimum supported version is 10.4.0. Check the community dialects project for available legacy versions.
2024-06-02T11:10:59.930+01:00  WARN 3536 --- [projetcinema] [           main] org.hibernate.orm.deprecation            : HHH90000025: MariaDBDialect does not need to be specified explicitly using 'hibernate.dialect' (remove the property setting and it will be selected by default)
2024-06-02T11:11:14.515+01:00  INFO 3536 --- [projetcinema] [           main] o.h.m.i.EntityInstantiatorPojoStandard   : HHH000182: No default (no-argument) constructor for class: com.example.demo.entities.Categorie (class must be instantiated by Interceptor)
2024-06-02T11:11:14.995+01:00  INFO 3536 --- [projetcinema] [           main] o.h.m.i.EntityInstantiatorPojoStandard   : HHH000182: No default (no-argument) constructor for class: com.example.demo.entities.Client (class must be instantiated by Interceptor)
2024-06-02T11:11:16.040+01:00  INFO 3536 --- [projetcinema] [           main] o.h.e.t.j.p.i.JtaPlatformInitiator       : HHH000489: No JTA platform available (set 'hibernate.transaction.jta.platform' to enable JTA platform integration)
2024-06-02T11:11:17.805+01:00  INFO 3536 --- [projetcinema] [           main] j.LocalContainerEntityManagerFactoryBean : Initialized JPA EntityManagerFactory for persistence unit 'default'
2024-06-02T11:11:20.117+01:00  INFO 3536 --- [projetcinema] [           main] o.s.d.j.r.query.QueryEnhancerFactory     : Hibernate is in classpath; If applicable, HQL parser will be used.
2024-06-02T11:11:22.219+01:00  WARN 3536 --- [projetcinema] [           main] JpaBaseConfiguration$JpaWebConfiguration : spring.jpa.open-in-view is enabled by default. Therefore, database queries may be performed during view rendering. Explicitly configure spring.jpa.open-in-view to disable this warning
2024-06-02T11:11:24.431+01:00  INFO 3536 --- [projetcinema] [           main] c.e.c.CinemaManagementApplicationTests   : Started CinemaManagementApplicationTests in 35.772 seconds (process running for 40.38)
]]></system-out>
  </testcase>
</testsuite>